<?xml version="1.0" encoding="utf-8"?><testsuites name="pytest tests"><testsuite name="pytest" errors="0" failures="0" skipped="0" tests="8" time="17.658" timestamp="2026-06-16T16:54:33.470701+00:00" hostname="agent-env-2f56fb5f-57f7-47d6-ae94-f87eb6be8751"><testcase classname="backend.tests.test_caisse_hub.TestSessionEnforcement" name="test_sales_rejected_without_session" time="0.395" /><testcase classname="backend.tests.test_caisse_hub.TestSessionEnforcement" name="test_order_pay_rejected_without_session" time="2.912" /><testcase classname="backend.tests.test_caisse_hub.TestReopenSession" name="test_reopen_same_day_as_server" time="5.090" /><testcase classname="backend.tests.test_caisse_hub.TestReopenSession" name="test_reopen_non_closed_returns_400" time="3.568" /><testcase classname="backend.tests.test_caisse_hub.TestReopenSession" name="test_reopen_when_another_open_returns_400" time="5.281" /><testcase classname="backend.tests.test_caisse_hub.TestHubData" name="test_current_session_endpoint" time="0.132" /><testcase classname="backend.tests.test_caisse_hub.TestHubData" name="test_cash_sessions_history" time="0.100" /><testcase classname="backend.tests.test_caisse_hub.TestHubData" name="test_orders_open_filter" time="0.116" /></testsuite></testsuites>