<?xml version="1.0" encoding="utf-8"?><testsuites name="pytest tests"><testsuite name="pytest" errors="0" failures="0" skipped="0" tests="11" time="3.406" timestamp="2026-06-16T15:55:45.754346+00:00" hostname="agent-env-2f56fb5f-57f7-47d6-ae94-f87eb6be8751"><testcase classname="backend.tests.test_nf525_loyalty.TestJournal" name="test_summary_shape" time="0.354" /><testcase classname="backend.tests.test_nf525_loyalty.TestJournal" name="test_verify_valid" time="0.058" /><testcase classname="backend.tests.test_nf525_loyalty.TestJournal" name="test_list_sorted_desc_and_chained" time="0.053" /><testcase classname="backend.tests.test_nf525_loyalty.TestJournal" name="test_sale_increments_journal" time="0.308" /><testcase classname="backend.tests.test_nf525_loyalty.TestCustomers" name="test_create_requires_name" time="0.052" /><testcase classname="backend.tests.test_nf525_loyalty.TestCustomers" name="test_create_list_search" time="0.408" /><testcase classname="backend.tests.test_nf525_loyalty.TestLoyaltySettings" name="test_get_has_loyalty" time="0.050" /><testcase classname="backend.tests.test_nf525_loyalty.TestLoyaltySettings" name="test_put_roundtrip" time="0.200" /><testcase classname="backend.tests.test_nf525_loyalty.TestLoyaltyOnSale" name="test_loyalty_enabled_awards_points" time="0.562" /><testcase classname="backend.tests.test_nf525_loyalty.TestLoyaltyOnSale" name="test_loyalty_disabled_no_change" time="0.745" /><testcase classname="backend.tests.test_nf525_loyalty.TestOrderCancelAndZ" name="test_cancel_appends_CANCEL" time="0.527" /></testsuite></testsuites>