<?xml version="1.0" encoding="utf-8"?><testsuites name="pytest tests"><testsuite name="pytest" errors="0" failures="2" skipped="0" tests="7" time="2.483" timestamp="2026-06-16T15:37:25.840170+00:00" hostname="agent-env-2f56fb5f-57f7-47d6-ae94-f87eb6be8751"><testcase classname="backend.tests.test_print_settings" name="test_get_settings_print_defaults" time="0.298" /><testcase classname="backend.tests.test_print_settings" name="test_get_settings_has_auto_print_receipt_and_drawer" time="0.123"><failure message="AssertionError: GET /api/settings.print missing auto_print_receipt&#10;assert 'auto_print_receipt' in {'auto_print_z': True, 'footer_line': 'Merci de votre visite', 'paper_width_mm': 80, 'shop_name': 'Le Bistrot du Coin'}">backend/tests/test_print_settings.py:36: in test_get_settings_has_auto_print_receipt_and_drawer
    assert "auto_print_receipt" in p, "GET /api/settings.print missing auto_print_receipt"
E   AssertionError: GET /api/settings.print missing auto_print_receipt
E   assert 'auto_print_receipt' in {'auto_print_z': True, 'footer_line': 'Merci de votre visite', 'paper_width_mm': 80, 'shop_name': 'Le Bistrot du Coin'}</failure></testcase><testcase classname="backend.tests.test_print_settings" name="test_put_settings_persists_receipt_and_drawer" time="0.271"><failure message="AssertionError: PUT did not persist auto_print_receipt&#10;assert None is True&#10; +  where None = &lt;built-in method get of dict object at 0xfc6b16c42dc0&gt;('auto_print_receipt')&#10; +    where &lt;built-in method get of dict object at 0xfc6b16c42dc0&gt; = {'auto_print_z': True, 'footer_line': 'TEST_Footer', 'paper_width_mm': 80, 'shop_name': 'TEST_Shop'}.get">backend/tests/test_print_settings.py:55: in test_put_settings_persists_receipt_and_drawer
    assert saved.get("auto_print_receipt") is True, \
E   AssertionError: PUT did not persist auto_print_receipt
E   assert None is True
E    +  where None = &lt;built-in method get of dict object at 0xfc6b16c42dc0&gt;('auto_print_receipt')
E    +    where &lt;built-in method get of dict object at 0xfc6b16c42dc0&gt; = {'auto_print_z': True, 'footer_line': 'TEST_Footer', 'paper_width_mm': 80, 'shop_name': 'TEST_Shop'}.get</failure></testcase><testcase classname="backend.tests.test_print_settings" name="test_put_settings_paper_width_58" time="0.203" /><testcase classname="backend.tests.test_print_settings" name="test_manifest_served_at_root" time="0.096" /><testcase classname="backend.tests.test_print_settings.TestPaymentRegressionNoPrinter" name="test_login_admin" time="0.148" /><testcase classname="backend.tests.test_print_settings.TestPaymentRegressionNoPrinter" name="test_full_cash_payment_flow" time="1.261" /></testsuite></testsuites>