<?xml version="1.0" encoding="utf-8"?><testsuites name="pytest tests"><testsuite name="pytest" errors="0" failures="0" skipped="0" tests="16" time="2.147" timestamp="2026-06-16T14:32:41.879155+00:00" hostname="agent-env-2f56fb5f-57f7-47d6-ae94-f87eb6be8751"><testcase classname="backend.tests.backend_test.TestAuth" name="test_admin_login" time="0.396" /><testcase classname="backend.tests.backend_test.TestAuth" name="test_sophie_login" time="0.091" /><testcase classname="backend.tests.backend_test.TestAuth" name="test_marc_login" time="0.046" /><testcase classname="backend.tests.backend_test.TestAuth" name="test_invalid_pin" time="0.047" /><testcase classname="backend.tests.backend_test.TestZonesTables" name="test_zones_seeded" time="0.053" /><testcase classname="backend.tests.backend_test.TestZonesTables" name="test_tables_have_status" time="0.056" /><testcase classname="backend.tests.backend_test.TestCashSession" name="test_open_session" time="0.063" /><testcase classname="backend.tests.backend_test.TestCashSession" name="test_current_session_returns_it" time="0.048" /><testcase classname="backend.tests.backend_test.TestCashSession" name="test_cannot_open_second" time="0.049" /><testcase classname="backend.tests.backend_test.TestOrdersModifiers" name="test_full_order_flow" time="0.583" /><testcase classname="backend.tests.backend_test.TestOrdersModifiers" name="test_cancel_order" time="0.205" /><testcase classname="backend.tests.backend_test.TestOrdersModifiers" name="test_cannot_delete_table_with_open_order" time="0.224" /><testcase classname="backend.tests.backend_test.TestXZReports" name="test_x_report" time="0.055" /><testcase classname="backend.tests.backend_test.TestXZReports" name="test_close_session_z" time="0.056" /><testcase classname="backend.tests.backend_test.TestXZReports" name="test_z_report_listed" time="0.050" /><testcase classname="backend.tests.backend_test.TestXZReports" name="test_no_open_session_after_close" time="0.051" /></testsuite></testsuites>