<?xml version="1.0" encoding="utf-8"?><testsuites name="pytest tests"><testsuite name="pytest" errors="0" failures="0" skipped="0" tests="22" time="2.850" timestamp="2026-06-16T14:44:07.808945+00:00" hostname="agent-env-2f56fb5f-57f7-47d6-ae94-f87eb6be8751"><testcase classname="backend.tests.backend_test.TestAuth" name="test_admin_login" time="0.493" /><testcase classname="backend.tests.backend_test.TestAuth" name="test_sophie_login" time="0.050" /><testcase classname="backend.tests.backend_test.TestAuth" name="test_marc_login" time="0.052" /><testcase classname="backend.tests.backend_test.TestAuth" name="test_invalid_pin" time="0.048" /><testcase classname="backend.tests.backend_test.TestZonesTables" name="test_zones_seeded" time="0.051" /><testcase classname="backend.tests.backend_test.TestZonesTables" name="test_tables_have_status" time="0.051" /><testcase classname="backend.tests.backend_test.TestCashSession" name="test_open_session" time="0.050" /><testcase classname="backend.tests.backend_test.TestCashSession" name="test_current_session_returns_it" time="0.056" /><testcase classname="backend.tests.backend_test.TestCashSession" name="test_cannot_open_second" time="0.055" /><testcase classname="backend.tests.backend_test.TestOrdersModifiers" name="test_full_order_flow" time="0.572" /><testcase classname="backend.tests.backend_test.TestOrdersModifiers" name="test_cancel_order" time="0.158" /><testcase classname="backend.tests.backend_test.TestOrdersModifiers" name="test_cannot_delete_table_with_open_order" time="0.203" /><testcase classname="backend.tests.backend_test.TestXZReports" name="test_x_report" time="0.051" /><testcase classname="backend.tests.backend_test.TestXZReports" name="test_close_session_z" time="0.054" /><testcase classname="backend.tests.backend_test.TestXZReports" name="test_z_report_listed" time="0.059" /><testcase classname="backend.tests.backend_test.TestXZReports" name="test_no_open_session_after_close" time="0.049" /><testcase classname="backend.tests.backend_test.TestSettingsCurrency" name="test_get_settings_default_eur" time="0.095" /><testcase classname="backend.tests.backend_test.TestSettingsCurrency" name="test_put_settings_to_fcfa_and_persisted" time="0.099" /><testcase classname="backend.tests.backend_test.TestSettingsCurrency" name="test_put_decimals_out_of_range_422" time="0.054" /><testcase classname="backend.tests.backend_test.TestSettingsCurrency" name="test_put_invalid_position_422" time="0.054" /><testcase classname="backend.tests.backend_test.TestSettingsCurrency" name="test_daily_report_html_uses_fcfa" time="0.374" /><testcase classname="backend.tests.backend_test.TestSettingsCurrency" name="test_reset_to_eur" time="0.050" /></testsuite></testsuites>