<?xml version="1.0" encoding="utf-8"?><testsuites name="pytest tests"><testsuite name="pytest" errors="0" failures="1" skipped="0" tests="11" time="2.045" timestamp="2026-06-16T15:14:25.373973+00:00" hostname="agent-env-2f56fb5f-57f7-47d6-ae94-f87eb6be8751"><testcase classname="backend.tests.test_report_recipients.TestSettingsRecipientsField" name="test_get_settings_has_report_recipients_field" time="0.192" /><testcase classname="backend.tests.test_report_recipients.TestSettingsRecipientsField" name="test_resend_configured_flag_true" time="0.051" /><testcase classname="backend.tests.test_report_recipients.TestPutRecipientsDedupe" name="test_put_lowercases_and_dedupes" time="0.093" /><testcase classname="backend.tests.test_report_recipients.TestPutRecipientsDedupe" name="test_put_adding_existing_case_different_stays_unique" time="0.094" /><testcase classname="backend.tests.test_report_recipients.TestPutRecipientsDedupe" name="test_put_invalid_email_returns_422" time="0.057" /><testcase classname="backend.tests.test_report_recipients.TestPutRecipientsDedupe" name="test_put_empty_list_clears" time="0.047" /><testcase classname="backend.tests.test_report_recipients.TestDailySendRecipients" name="test_daily_send_uses_configured_list_when_no_override" time="0.383" /><testcase classname="backend.tests.test_report_recipients.TestDailySendRecipients" name="test_daily_send_explicit_override_uses_single" time="0.329" /><testcase classname="backend.tests.test_report_recipients.TestDailySendRecipients" name="test_daily_send_skipped_when_no_recipients" time="0.148" /><testcase classname="backend.tests.test_report_recipients.TestCloseSessionRecipients" name="test_close_session_uses_configured_list" time="0.378" /><testcase classname="backend.tests.test_report_recipients.TestMonthlySendRecipients" name="test_monthly_send_uses_configured_list" time="0.212"><failure message="AssertionError: monthly/send returned skipped despite configured report_recipients — endpoint not wired to _resolve_recipients (bug)&#10;assert 'skipped' != 'skipped'&#10; +  where 'skipped' = &lt;built-in method get of dict object at 0xf806bd3f0240&gt;('status')&#10; +    where &lt;built-in method get of dict object at 0xf806bd3f0240&gt; = {'reason': 'Aucun destinataire fourni', 'status': 'skipped'}.get">E   AssertionError: monthly/send returned skipped despite configured report_recipients — endpoint not wired to _resolve_recipients (bug)
    assert 'skipped' != 'skipped'
     +  where 'skipped' = &lt;built-in method get of dict object at 0xf806bd3f0240&gt;('status')
     +    where &lt;built-in method get of dict object at 0xf806bd3f0240&gt; = {'reason': 'Aucun destinataire fourni', 'status': 'skipped'}.get</failure></testcase></testsuite></testsuites>