<?xml version="1.0" encoding="utf-8"?><testsuites name="pytest tests"><testsuite name="pytest" errors="0" failures="0" skipped="0" tests="13" time="1.627" timestamp="2026-06-16T14:51:36.633055+00:00" hostname="agent-env-2f56fb5f-57f7-47d6-ae94-f87eb6be8751"><testcase classname="backend.tests.test_users_smtp.TestUsers" name="test_list_users_no_pin" time="0.298" /><testcase classname="backend.tests.test_users_smtp.TestUsers" name="test_create_user" time="0.100" /><testcase classname="backend.tests.test_users_smtp.TestUsers" name="test_create_duplicate_pin_400" time="0.049" /><testcase classname="backend.tests.test_users_smtp.TestUsers" name="test_update_user_without_pin" time="0.050" /><testcase classname="backend.tests.test_users_smtp.TestUsers" name="test_update_pin_clash_400" time="0.048" /><testcase classname="backend.tests.test_users_smtp.TestUsers" name="test_update_new_pin_and_login" time="0.102" /><testcase classname="backend.tests.test_users_smtp.TestUsers" name="test_delete_user" time="0.098" /><testcase classname="backend.tests.test_users_smtp.TestSMTP" name="test_settings_initial_password_empty_or_masked" time="0.188" /><testcase classname="backend.tests.test_users_smtp.TestSMTP" name="test_smtp_test_without_host_returns_400" time="0.052" /><testcase classname="backend.tests.test_users_smtp.TestSMTP" name="test_put_password_then_masked_on_get" time="0.103" /><testcase classname="backend.tests.test_users_smtp.TestSMTP" name="test_put_with_masked_password_keeps_existing" time="0.153" /><testcase classname="backend.tests.test_users_smtp.TestSMTP" name="test_smtp_priority_over_resend_in_send_daily" time="0.065" /><testcase classname="backend.tests.test_users_smtp.TestSMTP" name="test_restore_smtp_disabled" time="0.241" /></testsuite></testsuites>